2026-02-26 07:36:23 変更を検出
[main fe11dea] auto:  3 files changed, 54 insertions(+)
 3 files changed, 54 insertions(+)
 create mode 100644 .githooks/auto-commit.log
 create mode 100755 .githooks/auto-commit.sh
2026-02-26 07:36:24 コミット成功
To github-zuba:zubapita/writing.git
   a79f054..fe11dea  main -> main
2026-02-26 07:36:25 プッシュ成功
2026-02-26 07:41:26 変更を検出
[main 804e380] auto:  2 files changed, 64 insertions(+)
 2 files changed, 64 insertions(+)
 create mode 100644 "10_projects/OpenClaw\343\201\257\346\200\226\343\201\217\343\201\252\343\201\204/_drafts/\345\216\237\347\250\277v3.md"
2026-02-26 07:41:26 コミット成功
To github-zuba:zubapita/writing.git
   fe11dea..804e380  main -> main
2026-02-26 07:41:28 プッシュ成功
2026-02-26 07:46:28 変更を検出
[main a7df40a] auto:  1 file changed, 8 insertions(+)
 1 file changed, 8 insertions(+)
2026-02-26 07:46:28 コミット成功
To github-zuba:zubapita/writing.git
   804e380..a7df40a  main -> main
2026-02-26 07:46:30 プッシュ成功
2026-02-26 07:51:30 変更を検出
[main c643366] auto:  1 file changed, 7 insertions(+)
 1 file changed, 7 insertions(+)
2026-02-26 07:51:30 コミット成功
To github-zuba:zubapita/writing.git
   a7df40a..c643366  main -> main
2026-02-26 07:51:32 プッシュ成功
2026-02-26 07:56:32 変更を検出
[main 9ce4b77] auto:  1 file changed, 7 insertions(+)
 1 file changed, 7 insertions(+)
2026-02-26 07:56:32 コミット成功
To github-zuba:zubapita/writing.git
   c643366..9ce4b77  main -> main
2026-02-26 07:56:34 プッシュ成功
2026-02-26 08:01:34 変更を検出
